<?xml version="1.0" encoding="UTF-8"?>
<testng-results skipped="0" failed="0" ignored="0" total="1" passed="1">
  <reporter-output>
  </reporter-output>
  <suite name="s1" duration-ms="26612" started-at="2020-12-11T14:49:11 CST" finished-at="2020-12-11T14:49:38 CST">
    <groups>
    </groups>
    <test name="test1" duration-ms="26612" started-at="2020-12-11T14:49:11 CST" finished-at="2020-12-11T14:49:38 CST">
      <class name="com.webtest.demo.demo">
        <test-method status="PASS" signature="doBeforeClass()[pri:0, instance:com.webtest.demo.demo@a7e666]" name="doBeforeClass" is-config="true" duration-ms="5045" started-at="2020-12-11T14:49:11 CST" finished-at="2020-12-11T14:49:16 CST">
          <reporter-output>
          </reporter-output>
        </test-method> <!-- doBeforeClass -->
        <test-method status="PASS" signature="testLogin()[pri:0, instance:com.webtest.demo.demo@a7e666]" name="testLogin" is-config="true" duration-ms="8568" started-at="2020-12-11T14:49:16 CST" finished-at="2020-12-11T14:49:25 CST">
          <reporter-output>
          </reporter-output>
        </test-method> <!-- testLogin -->
        <test-method status="PASS" signature="test42()[pri:0, instance:com.webtest.demo.demo@a7e666]" name="test42" duration-ms="12101" started-at="2020-12-11T14:49:25 CST" finished-at="2020-12-11T14:49:37 CST">
          <reporter-output>
          </reporter-output>
        </test-method> <!-- test42 -->
        <test-method status="PASS" signature="doAfterMethod()[pri:0, instance:com.webtest.demo.demo@a7e666]" name="doAfterMethod" is-config="true" duration-ms="857" started-at="2020-12-11T14:49:37 CST" finished-at="2020-12-11T14:49:38 CST">
          <reporter-output>
          </reporter-output>
        </test-method> <!-- doAfterMethod -->
      </class> <!-- com.webtest.demo.demo -->
    </test> <!-- test1 -->
  </suite> <!-- s1 -->
</testng-results>
