<?xml version="1.0" encoding="UTF-8"?>
<!-- Generated by org.testng.reporters.JUnitXMLReporter -->
<testsuite hostname="wqq" ignored="54" name="Default test" tests="1" failures="0" timestamp="2020-12-10T21:14:43 CST" time="36.673" errors="0">
  <testcase name="order_test55" time="19.293" classname="com.webtest.demo.Testui"/>
  <testcase name="order_test17" time="0.0" classname="com.webtest.demo.Testui">
    <ignored/>
  </testcase> <!-- order_test17 -->
  <testcase name="order_test18" time="0.0" classname="com.webtest.demo.Testui">
    <ignored/>
  </testcase> <!-- order_test18 -->
  <testcase name="order_test16" time="0.0" classname="com.webtest.demo.Testui">
    <ignored/>
  </testcase> <!-- order_test16 -->
  <testcase name="order_test53" time="0.0" classname="com.webtest.demo.Testui">
    <ignored/>
  </testcase> <!-- order_test53 -->
  <testcase name="order_test54" time="0.0" classname="com.webtest.demo.Testui">
    <ignored/>
  </testcase> <!-- order_test54 -->
  <testcase name="order_test10" time="0.0" classname="com.webtest.demo.Testui">
    <ignored/>
  </testcase> <!-- order_test10 -->
  <testcase name="order_test15" time="0.0" classname="com.webtest.demo.Testui">
    <ignored/>
  </testcase> <!-- order_test15 -->
  <testcase name="order_test52" time="0.0" classname="com.webtest.demo.Testui">
    <ignored/>
  </testcase> <!-- order_test52 -->
  <testcase name="order_test13" time="0.0" classname="com.webtest.demo.Testui">
    <ignored/>
  </testcase> <!-- order_test13 -->
  <testcase name="order_test14" time="0.0" classname="com.webtest.demo.Testui">
    <ignored/>
  </testcase> <!-- order_test14 -->
  <testcase name="order_test19" time="0.0" classname="com.webtest.demo.Testui">
    <ignored/>
  </testcase> <!-- order_test19 -->
  <testcase name="order_test12" time="0.0" classname="com.webtest.demo.Testui">
    <ignored/>
  </testcase> <!-- order_test12 -->
  <testcase name="order_test22" time="0.0" classname="com.webtest.demo.Testui">
    <ignored/>
  </testcase> <!-- order_test22 -->
  <testcase name="order_test28" time="0.0" classname="com.webtest.demo.Testui">
    <ignored/>
  </testcase> <!-- order_test28 -->
  <testcase name="order_test29" time="0.0" classname="com.webtest.demo.Testui">
    <ignored/>
  </testcase> <!-- order_test29 -->
  <testcase name="order_test27" time="0.0" classname="com.webtest.demo.Testui">
    <ignored/>
  </testcase> <!-- order_test27 -->
  <testcase name="order_test20" time="0.0" classname="com.webtest.demo.Testui">
    <ignored/>
  </testcase> <!-- order_test20 -->
  <testcase name="order_test21" time="0.0" classname="com.webtest.demo.Testui">
    <ignored/>
  </testcase> <!-- order_test21 -->
  <testcase name="order_test26" time="0.0" classname="com.webtest.demo.Testui">
    <ignored/>
  </testcase> <!-- order_test26 -->
  <testcase name="order_test24" time="0.0" classname="com.webtest.demo.Testui">
    <ignored/>
  </testcase> <!-- order_test24 -->
  <testcase name="order_test25" time="0.0" classname="com.webtest.demo.Testui">
    <ignored/>
  </testcase> <!-- order_test25 -->
  <testcase name="order_test23" time="0.0" classname="com.webtest.demo.Testui">
    <ignored/>
  </testcase> <!-- order_test23 -->
  <testcase name="order_test33" time="0.0" classname="com.webtest.demo.Testui">
    <ignored/>
  </testcase> <!-- order_test33 -->
  <testcase name="order_test39" time="0.0" classname="com.webtest.demo.Testui">
    <ignored/>
  </testcase> <!-- order_test39 -->
  <testcase name="order_test38" time="0.0" classname="com.webtest.demo.Testui">
    <ignored/>
  </testcase> <!-- order_test38 -->
  <testcase name="order_test31" time="0.0" classname="com.webtest.demo.Testui">
    <ignored/>
  </testcase> <!-- order_test31 -->
  <testcase name="order_test32" time="0.0" classname="com.webtest.demo.Testui">
    <ignored/>
  </testcase> <!-- order_test32 -->
  <testcase name="order_test37" time="0.0" classname="com.webtest.demo.Testui">
    <ignored/>
  </testcase> <!-- order_test37 -->
  <testcase name="order_test30" time="0.0" classname="com.webtest.demo.Testui">
    <ignored/>
  </testcase> <!-- order_test30 -->
  <testcase name="order_test35" time="0.0" classname="com.webtest.demo.Testui">
    <ignored/>
  </testcase> <!-- order_test35 -->
  <testcase name="order_test36" time="0.0" classname="com.webtest.demo.Testui">
    <ignored/>
  </testcase> <!-- order_test36 -->
  <testcase name="order_test34" time="0.0" classname="com.webtest.demo.Testui">
    <ignored/>
  </testcase> <!-- order_test34 -->
  <testcase name="order_test40" time="0.0" classname="com.webtest.demo.Testui">
    <ignored/>
  </testcase> <!-- order_test40 -->
  <testcase name="order_test44" time="0.0" classname="com.webtest.demo.Testui">
    <ignored/>
  </testcase> <!-- order_test44 -->
  <testcase name="order_test06" time="0.0" classname="com.webtest.demo.Testui">
    <ignored/>
  </testcase> <!-- order_test06 -->
  <testcase name="order_test07" time="0.0" classname="com.webtest.demo.Testui">
    <ignored/>
  </testcase> <!-- order_test07 -->
  <testcase name="order_test05" time="0.0" classname="com.webtest.demo.Testui">
    <ignored/>
  </testcase> <!-- order_test05 -->
  <testcase name="order_test49" time="0.0" classname="com.webtest.demo.Testui">
    <ignored/>
  </testcase> <!-- order_test49 -->
  <testcase name="order_test09" time="0.0" classname="com.webtest.demo.Testui">
    <ignored/>
  </testcase> <!-- order_test09 -->
  <testcase name="order_test42" time="0.0" classname="com.webtest.demo.Testui">
    <ignored/>
  </testcase> <!-- order_test42 -->
  <testcase name="order_test43" time="0.0" classname="com.webtest.demo.Testui">
    <ignored/>
  </testcase> <!-- order_test43 -->
  <testcase name="order_test04" time="0.0" classname="com.webtest.demo.Testui">
    <ignored/>
  </testcase> <!-- order_test04 -->
  <testcase name="order_test48" time="0.0" classname="com.webtest.demo.Testui">
    <ignored/>
  </testcase> <!-- order_test48 -->
  <testcase name="order_test41" time="0.0" classname="com.webtest.demo.Testui">
    <ignored/>
  </testcase> <!-- order_test41 -->
  <testcase name="order_test02" time="0.0" classname="com.webtest.demo.Testui">
    <ignored/>
  </testcase> <!-- order_test02 -->
  <testcase name="order_test46" time="0.0" classname="com.webtest.demo.Testui">
    <ignored/>
  </testcase> <!-- order_test46 -->
  <testcase name="order_test03" time="0.0" classname="com.webtest.demo.Testui">
    <ignored/>
  </testcase> <!-- order_test03 -->
  <testcase name="order_test47" time="0.0" classname="com.webtest.demo.Testui">
    <ignored/>
  </testcase> <!-- order_test47 -->
  <testcase name="order_test08" time="0.0" classname="com.webtest.demo.Testui">
    <ignored/>
  </testcase> <!-- order_test08 -->
  <testcase name="order_test01" time="0.0" classname="com.webtest.demo.Testui">
    <ignored/>
  </testcase> <!-- order_test01 -->
  <testcase name="order_test45" time="0.0" classname="com.webtest.demo.Testui">
    <ignored/>
  </testcase> <!-- order_test45 -->
  <testcase name="order_test51" time="0.0" classname="com.webtest.demo.Testui">
    <ignored/>
  </testcase> <!-- order_test51 -->
  <testcase name="order_test50" time="0.0" classname="com.webtest.demo.Testui">
    <ignored/>
  </testcase> <!-- order_test50 -->
  <testcase name="order_test11" time="0.0" classname="com.webtest.demo.Testui">
    <ignored/>
  </testcase> <!-- order_test11 -->
</testsuite> <!-- Default test -->
