<?xml version="1.0" encoding="UTF-8"?>
<testng-results skipped="0" failed="0" ignored="54" total="55" passed="1">
  <reporter-output>
  </reporter-output>
  <suite name="Default suite" duration-ms="36673" started-at="2020-12-10T21:14:07 CST" finished-at="2020-12-10T21:14:43 CST">
    <groups>
    </groups>
    <test name="Default test" duration-ms="36673" started-at="2020-12-10T21:14:07 CST" finished-at="2020-12-10T21:14:43 CST">
      <class name="com.webtest.demo.Testui">
        <test-method status="PASS" signature="doBeforeClass()[pri:0, instance:com.webtest.demo.Testui@6737fd8f]" name="doBeforeClass" is-config="true" duration-ms="5481" started-at="2020-12-10T21:14:07 CST" finished-at="2020-12-10T21:14:12 CST">
          <reporter-output>
          </reporter-output>
        </test-method> <!-- doBeforeClass -->
        <test-method status="PASS" signature="testLogin()[pri:0, instance:com.webtest.demo.Testui@6737fd8f]" name="testLogin" is-config="true" duration-ms="11134" started-at="2020-12-10T21:14:12 CST" finished-at="2020-12-10T21:14:23 CST">
          <reporter-output>
          </reporter-output>
        </test-method> <!-- testLogin -->
        <test-method status="PASS" signature="order_test55()[pri:0, instance:com.webtest.demo.Testui@6737fd8f]" name="order_test55" duration-ms="19293" started-at="2020-12-10T21:14:23 CST" finished-at="2020-12-10T21:14:43 CST">
          <reporter-output>
          </reporter-output>
        </test-method> <!-- order_test55 -->
        <test-method status="PASS" signature="doAfterMethod()[pri:0, instance:com.webtest.demo.Testui@6737fd8f]" name="doAfterMethod" is-config="true" duration-ms="737" started-at="2020-12-10T21:14:43 CST" finished-at="2020-12-10T21:14:43 CST">
          <reporter-output>
          </reporter-output>
        </test-method> <!-- doAfterMethod -->
      </class> <!-- com.webtest.demo.Testui -->
    </test> <!-- Default test -->
  </suite> <!-- Default suite -->
</testng-results>
